# JRE version: OpenJDK Runtime Environment (8.0_152-b01) (build 1.8.0_152-release-1248-b01)
# Java VM: OpenJDK 64-Bit Server VM (25.152-b01 mixed mode linux-amd64 compressed oops)
Heap:
 PSYoungGen      total 287744K, used 36342K [0x00000000e0000000, 0x00000000f5100000, 0x0000000100000000)
  eden space 251392K, 0% used [0x00000000e0000000,0x00000000e0000000,0x00000000ef580000)
  from space 36352K, 99% used [0x00000000ef580000,0x00000000f18fd950,0x00000000f1900000)
  to   space 23552K, 0% used [0x00000000f1900000,0x00000000f1900000,0x00000000f3000000)
 ParOldGen       total 94208K, used 85710K [0x00000000a0000000, 0x00000000a5c00000, 0x00000000e0000000)
  object space 94208K, 90% used [0x00000000a0000000,0x00000000a53b3a88,0x00000000a5c00000)
 Metaspace       used 78145K, capacity 80566K, committed 80664K, reserved 1120256K
  class space    used 10206K, capacity 10756K, committed 10800K, reserved 1048576K
GC Heap History (10 events):
Event: 23,371 GC heap after
Heap after GC invocations=11 (full 2):
 PSYoungGen      total 196608K, used 14306K [0x00000000e0000000, 0x00000000f0600000, 0x0000000100000000)
  eden space 182272K, 0% used [0x00000000e0000000,0x00000000e0000000,0x00000000eb200000)
  from space 14336K, 99% used [0x00000000eb200000,0x00000000ebff8ad0,0x00000000ec000000)
  to   space 19456K, 0% used [0x00000000ef300000,0x00000000ef300000,0x00000000f0600000)
 ParOldGen       total 59904K, used 24957K [0x00000000a0000000, 0x00000000a3a80000, 0x00000000e0000000)
  object space 59904K, 41% used [0x00000000a0000000,0x00000000a185f628,0x00000000a3a80000)
 Metaspace       used 51261K, capacity 52424K, committed 52656K, reserved 1095680K
  class space    used 6940K, capacity 7300K, committed 7344K, reserved 1048576K
}
Event: 27,062 GC heap before
{Heap before GC invocations=12 (full 2):
 PSYoungGen      total 196608K, used 119414K [0x00000000e0000000, 0x00000000f0600000, 0x0000000100000000)
  eden space 182272K, 57% used [0x00000000e0000000,0x00000000e66a4f98,0x00000000eb200000)
  from space 14336K, 99% used [0x00000000eb200000,0x00000000ebff8ad0,0x00000000ec000000)
  to   space 19456K, 0% used [0x00000000ef300000,0x00000000ef300000,0x00000000f0600000)
 ParOldGen       total 59904K, used 24957K [0x00000000a0000000, 0x00000000a3a80000, 0x00000000e0000000)
  object space 59904K, 41% used [0x00000000a0000000,0x00000000a185f628,0x00000000a3a80000)
 Metaspace       used 57578K, capacity 59034K, committed 59160K, reserved 1099776K
  class space    used 7852K, capacity 8219K, committed 8240K, reserved 1048576K
Event: 27,117 GC heap after
Heap after GC invocations=12 (full 2):
 PSYoungGen      total 244736K, used 19426K [0x00000000e0000000, 0x00000000f0f00000, 0x0000000100000000)
  eden space 225280K, 0% used [0x00000000e0000000,0x00000000e0000000,0x00000000edc00000)
  from space 19456K, 99% used [0x00000000ef300000,0x00000000f05f8b00,0x00000000f0600000)
  to   space 23552K, 0% used [0x00000000edc00000,0x00000000edc00000,0x00000000ef300000)
 ParOldGen       total 59904K, used 27328K [0x00000000a0000000, 0x00000000a3a80000, 0x00000000e0000000)
  object space 59904K, 45% used [0x00000000a0000000,0x00000000a1ab01e8,0x00000000a3a80000)
 Metaspace       used 57578K, capacity 59034K, committed 59160K, reserved 1099776K
  class space    used 7852K, capacity 8219K, committed 8240K, reserved 1048576K
}
Event: 27,117 GC heap before
{Heap before GC invocations=13 (full 3):
 PSYoungGen      total 244736K, used 19426K [0x00000000e0000000, 0x00000000f0f00000, 0x0000000100000000)
  eden space 225280K, 0% used [0x00000000e0000000,0x00000000e0000000,0x00000000edc00000)
  from space 19456K, 99% used [0x00000000ef300000,0x00000000f05f8b00,0x00000000f0600000)
  to   space 23552K, 0% used [0x00000000edc00000,0x00000000edc00000,0x00000000ef300000)
 ParOldGen       total 59904K, used 27328K [0x00000000a0000000, 0x00000000a3a80000, 0x00000000e0000000)
  object space 59904K, 45% used [0x00000000a0000000,0x00000000a1ab01e8,0x00000000a3a80000)
 Metaspace       used 57578K, capacity 59034K, committed 59160K, reserved 1099776K
  class space    used 7852K, capacity 8219K, committed 8240K, reserved 1048576K
Event: 27,613 GC heap after
Heap after GC invocations=13 (full 3):
 PSYoungGen      total 244736K, used 0K [0x00000000e0000000, 0x00000000f0f00000, 0x0000000100000000)
  eden space 225280K, 0% used [0x00000000e0000000,0x00000000e0000000,0x00000000edc00000)
  from space 19456K, 0% used [0x00000000ef300000,0x00000000ef300000,0x00000000f0600000)
  to   space 23552K, 0% used [0x00000000edc00000,0x00000000edc00000,0x00000000ef300000)
 ParOldGen       total 94208K, used 35452K [0x00000000a0000000, 0x00000000a5c00000, 0x00000000e0000000)
  object space 94208K, 37% used [0x00000000a0000000,0x00000000a229f370,0x00000000a5c00000)
 Metaspace       used 57578K, capacity 59034K, committed 59160K, reserved 1099776K
  class space    used 7852K, capacity 8219K, committed 8240K, reserved 1048576K
}
Event: 39,641 GC heap before
{Heap before GC invocations=14 (full 3):
 PSYoungGen      total 244736K, used 225280K [0x00000000e0000000, 0x00000000f0f00000, 0x0000000100000000)
  eden space 225280K, 100% used [0x00000000e0000000,0x00000000edc00000,0x00000000edc00000)
  from space 19456K, 0% used [0x00000000ef300000,0x00000000ef300000,0x00000000f0600000)
  to   space 23552K, 0% used [0x00000000edc00000,0x00000000edc00000,0x00000000ef300000)
 ParOldGen       total 94208K, used 35452K [0x00000000a0000000, 0x00000000a5c00000, 0x00000000e0000000)
  object space 94208K, 37% used [0x00000000a0000000,0x00000000a229f370,0x00000000a5c00000)
 Metaspace       used 67191K, capacity 68794K, committed 69016K, reserved 1110016K
  class space    used 8931K, capacity 9362K, committed 9392K, reserved 1048576K
Event: 39,743 GC heap after
Heap after GC invocations=14 (full 3):
 PSYoungGen      total 248832K, used 13861K [0x00000000e0000000, 0x00000000f3000000, 0x0000000100000000)
  eden space 225280K, 0% used [0x00000000e0000000,0x00000000e0000000,0x00000000edc00000)
  from space 23552K, 58% used [0x00000000edc00000,0x00000000ee989610,0x00000000ef300000)
  to   space 23552K, 0% used [0x00000000f1900000,0x00000000f1900000,0x00000000f3000000)
 ParOldGen       total 94208K, used 35460K [0x00000000a0000000, 0x00000000a5c00000, 0x00000000e0000000)
  object space 94208K, 37% used [0x00000000a0000000,0x00000000a22a1370,0x00000000a5c00000)
 Metaspace       used 67191K, capacity 68794K, committed 69016K, reserved 1110016K
  class space    used 8931K, capacity 9362K, committed 9392K, reserved 1048576K
}
Event: 45,536 GC heap before
{Heap before GC invocations=15 (full 3):
 PSYoungGen      total 248832K, used 239141K [0x00000000e0000000, 0x00000000f3000000, 0x0000000100000000)
  eden space 225280K, 100% used [0x00000000e0000000,0x00000000edc00000,0x00000000edc00000)
  from space 23552K, 58% used [0x00000000edc00000,0x00000000ee989610,0x00000000ef300000)
  to   space 23552K, 0% used [0x00000000f1900000,0x00000000f1900000,0x00000000f3000000)
 ParOldGen       total 94208K, used 35460K [0x00000000a0000000, 0x00000000a5c00000, 0x00000000e0000000)
  object space 94208K, 37% used [0x00000000a0000000,0x00000000a22a1370,0x00000000a5c00000)
 Metaspace       used 74191K, capacity 76172K, committed 76312K, reserved 1116160K
  class space    used 9764K, capacity 10257K, committed 10288K, reserved 1048576K
Event: 45,720 GC heap after
Heap after GC invocations=15 (full 3):
 PSYoungGen      total 274944K, used 23544K [0x00000000e0000000, 0x00000000f5100000, 0x0000000100000000)
  eden space 251392K, 0% used [0x00000000e0000000,0x00000000e0000000,0x00000000ef580000)
  from space 23552K, 99% used [0x00000000f1900000,0x00000000f2ffe360,0x00000000f3000000)
  to   space 36352K, 0% used [0x00000000ef580000,0x00000000ef580000,0x00000000f1900000)
 ParOldGen       total 94208K, used 59943K [0x00000000a0000000, 0x00000000a5c00000, 0x00000000e0000000)
  object space 94208K, 63% used [0x00000000a0000000,0x00000000a3a89db8,0x00000000a5c00000)
 Metaspace       used 74191K, capacity 76172K, committed 76312K, reserved 1116160K
  class space    used 9764K, capacity 10257K, committed 10288K, reserved 1048576K
}
Event: 58,124 GC heap before
{Heap before GC invocations=16 (full 3):
 PSYoungGen      total 274944K, used 274936K [0x00000000e0000000, 0x00000000f5100000, 0x0000000100000000)
  eden space 251392K, 100% used [0x00000000e0000000,0x00000000ef580000,0x00000000ef580000)
  from space 23552K, 99% used [0x00000000f1900000,0x00000000f2ffe360,0x00000000f3000000)
  to   space 36352K, 0% used [0x00000000ef580000,0x00000000ef580000,0x00000000f1900000)
 ParOldGen       total 94208K, used 59943K [0x00000000a0000000, 0x00000000a5c00000, 0x00000000e0000000)
  object space 94208K, 63% used [0x00000000a0000000,0x00000000a3a89db8,0x00000000a5c00000)
 Metaspace       used 78145K, capacity 80566K, committed 80664K, reserved 1120256K
  class space    used 10206K, capacity 10756K, committed 10800K, reserved 1048576K

